<?xml version="1.0" encoding="UTF-8"?>
<beans xmlns="http://www.springframework.org/schema/beans"
       xmlns:xsi="http://www.w3.org/2001/XMLSchema-instance"
       xmlns:util="http://www.springframework.org/schema/util" xsi:schemaLocation="
        http://www.springframework.org/schema/beans http://www.springframework.org/schema/beans/spring-beans.xsd
        http://www.springframework.org/schema/util http://www.springframework.org/schema/util/spring-util.xsd">

    <import resource="espn-player-projections-webpages-configurations.xml"/>

    <util:map id="webRequestTaskToSiteUrlMap" key-type="java.lang.String"
              value-type="com.btanabe.adaptivewebscraper.tasks.WebRequestTask">
        <entry key="http://games.espn.go.com/ffl/tools/projections?leagueId=84978"
               value-ref="espnPlayerProjectionsPageOneMockWebRequestTask"/>
        <entry key="http://games.espn.go.com/ffl/tools/projections?leagueId=84978&amp;startIndex=40"
               value-ref="espnPlayerProjectionsPageTwoMockWebRequestTask"/>
        <entry key="http://games.espn.go.com/ffl/tools/projections?leagueId=84978&amp;startIndex=80"
               value-ref="espnPlayerProjectionsPageThreeMockWebRequestTask"/>
        <entry key="http://games.espn.go.com/ffl/tools/projections?leagueId=84978&amp;startIndex=120"
               value-ref="espnPlayerProjectionsPageFourMockWebRequestTask"/>
        <entry key="http://games.espn.go.com/ffl/tools/projections?leagueId=84978&amp;startIndex=160"
               value-ref="espnPlayerProjectionsPageFiveMockWebRequestTask"/>
        <entry key="http://games.espn.go.com/ffl/tools/projections?leagueId=84978&amp;startIndex=200"
               value-ref="espnPlayerProjectionsPageSixMockWebRequestTask"/>
        <entry key="http://games.espn.go.com/ffl/tools/projections?leagueId=84978&amp;startIndex=240"
               value-ref="espnPlayerProjectionsPageSevenMockWebRequestTask"/>
        <entry key="http://games.espn.go.com/ffl/tools/projections?leagueId=84978&amp;startIndex=280"
               value-ref="espnPlayerProjectionsPageEightMockWebRequestTask"/>
        <entry key="http://games.espn.go.com/ffl/tools/projections?leagueId=84978&amp;startIndex=320"
               value-ref="espnPlayerProjectionsPageNineMockWebRequestTask"/>
        <entry key="http://games.espn.go.com/ffl/tools/projections?leagueId=84978&amp;startIndex=360"
               value-ref="espnPlayerProjectionsPageTenMockWebRequestTask"/>
        <entry key="http://games.espn.go.com/ffl/tools/projections?leagueId=84978&amp;startIndex=400"
               value-ref="espnPlayerProjectionsPageElevenMockWebRequestTask"/>
        <entry key="http://games.espn.go.com/ffl/tools/projections?leagueId=84978&amp;startIndex=440"
               value-ref="espnPlayerProjectionsPageTwelveMockWebRequestTask"/>
        <entry key="http://games.espn.go.com/ffl/tools/projections?leagueId=84978&amp;startIndex=480"
               value-ref="espnPlayerProjectionsPageThirteenMockWebRequestTask"/>
        <entry key="http://games.espn.go.com/ffl/tools/projections?leagueId=84978&amp;startIndex=520"
               value-ref="espnPlayerProjectionsPageFourteenMockWebRequestTask"/>
        <entry key="http://games.espn.go.com/ffl/tools/projections?leagueId=84978&amp;startIndex=560"
               value-ref="espnPlayerProjectionsPageFifteenMockWebRequestTask"/>
        <entry key="http://games.espn.go.com/ffl/tools/projections?leagueId=84978&amp;startIndex=600"
               value-ref="espnPlayerProjectionsPageFifteenMockWebRequestTask"/>
        <entry key="http://games.espn.go.com/ffl/tools/projections?leagueId=84978&amp;startIndex=640"
               value-ref="espnPlayerProjectionsPageSeventeenMockWebRequestTask"/>
        <entry key="http://games.espn.go.com/ffl/tools/projections?leagueId=84978&amp;startIndex=680"
               value-ref="espnPlayerProjectionsPageEighteenMockWebRequestTask"/>
        <entry key="http://games.espn.go.com/ffl/tools/projections?leagueId=84978&amp;startIndex=720"
               value-ref="espnPlayerProjectionsPageNineteenMockWebRequestTask"/>
        <entry key="http://games.espn.go.com/ffl/tools/projections?leagueId=84978&amp;startIndex=760"
               value-ref="espnPlayerProjectionsPageTwentyMockWebRequestTask"/>
        <entry key="http://games.espn.go.com/ffl/tools/projections?leagueId=84978&amp;startIndex=800"
               value-ref="espnPlayerProjectionsPageTwentyOneMockWebRequestTask"/>
        <entry key="http://games.espn.go.com/ffl/tools/projections?leagueId=84978&amp;startIndex=840"
               value-ref="espnPlayerProjectionsPageTwentyTwoMockWebRequestTask"/>
        <entry key="http://games.espn.go.com/ffl/tools/projections?leagueId=84978&amp;startIndex=880"
               value-ref="espnPlayerProjectionsPageTwentyThreeMockWebRequestTask"/>
        <entry key="http://games.espn.go.com/ffl/tools/projections?leagueId=84978&amp;startIndex=920"
               value-ref="espnPlayerProjectionsPageTwentyFourMockWebRequestTask"/>
        <entry key="http://games.espn.go.com/ffl/tools/projections?leagueId=84978&amp;startIndex=960"
               value-ref="espnPlayerProjectionsPageTwentyFiveMockWebRequestTask"/>
        <entry key="http://games.espn.go.com/ffl/tools/projections?leagueId=84978&amp;startIndex=1000"
               value-ref="espnPlayerProjectionsPageTwentySixMockWebRequestTask"/>
        <entry key="http://games.espn.go.com/ffl/tools/projections?leagueId=84978&amp;startIndex=1040"
               value-ref="espnPlayerProjectionsPageTwentySevenMockWebRequestTask"/>
        <entry key="http://games.espn.go.com/ffl/tools/projections?leagueId=84978&amp;startIndex=1080"
               value-ref="espnPlayerProjectionsPageTwentyEightMockWebRequestTask"/>
        <entry key="http://games.espn.go.com/ffl/tools/projections?leagueId=84978&amp;startIndex=1120"
               value-ref="espnPlayerProjectionsPageTwentyNineMockWebRequestTask"/>
        <entry key="http://games.espn.go.com/ffl/tools/projections?leagueId=84978&amp;startIndex=1160"
               value-ref="espnPlayerProjectionsPageThirtyMockWebRequestTask"/>
        <entry key="http://games.espn.go.com/ffl/tools/projections?leagueId=84978&amp;startIndex=1200"
               value-ref="espnPlayerProjectionsPageThirtyOneMockWebRequestTask"/>
        <entry key="http://games.espn.go.com/ffl/tools/projections?leagueId=84978&amp;startIndex=1240"
               value-ref="espnPlayerProjectionsPageThirtyTwoMockWebRequestTask"/>
        <entry key="http://games.espn.go.com/ffl/tools/projections?leagueId=84978&amp;startIndex=1280"
               value-ref="espnPlayerProjectionsPageThirtyThreeMockWebRequestTask"/>
        <entry key="http://games.espn.go.com/ffl/tools/projections?leagueId=84978&amp;startIndex=1320"
               value-ref="espnPlayerProjectionsPageThirtyFourMockWebRequestTask"/>
        <entry key="http://games.espn.go.com/ffl/tools/projections?leagueId=84978&amp;startIndex=1360"
               value-ref="espnPlayerProjectionsPageThirtyFiveMockWebRequestTask"/>
        <entry key="http://games.espn.go.com/ffl/tools/projections?leagueId=84978&amp;startIndex=1400"
               value-ref="espnPlayerProjectionsPageThirtySixMockWebRequestTask"/>
        <entry key="http://games.espn.go.com/ffl/tools/projections?leagueId=84978&amp;startIndex=1440"
               value-ref="espnPlayerProjectionsPageThirtySevenMockWebRequestTask"/>
        <entry key="http://games.espn.go.com/ffl/tools/projections?leagueId=84978&amp;startIndex=1480"
               value-ref="espnPlayerProjectionsPageThirtyEightMockWebRequestTask"/>
        <entry key="http://games.espn.go.com/ffl/tools/projections?leagueId=84978&amp;startIndex=1520"
               value-ref="espnPlayerProjectionsPageThirtyNineMockWebRequestTask"/>
        <entry key="http://games.espn.go.com/ffl/tools/projections?leagueId=84978&amp;startIndex=1560"
               value-ref="espnPlayerProjectionsPageFortyMockWebRequestTask"/>
        <entry key="http://games.espn.go.com/ffl/tools/projections?leagueId=84978&amp;startIndex=1600"
               value-ref="espnPlayerProjectionsPageFortyOneMockWebRequestTask"/>
        <entry key="http://games.espn.go.com/ffl/tools/projections?leagueId=84978&amp;startIndex=1640"
               value-ref="espnPlayerProjectionsPageFortyTwoMockWebRequestTask"/>
        <entry key="http://games.espn.go.com/ffl/tools/projections?leagueId=84978&amp;startIndex=1680"
               value-ref="espnPlayerProjectionsPageFortyThreeMockWebRequestTask"/>
        <entry key="http://games.espn.go.com/ffl/tools/projections?leagueId=84978&amp;startIndex=1720"
               value-ref="espnPlayerProjectionsPageFortyFourMockWebRequestTask"/>
        <entry key="http://games.espn.go.com/ffl/tools/projections?leagueId=84978&amp;startIndex=1760"
               value-ref="espnPlayerProjectionsPageFortyFiveMockWebRequestTask"/>
    </util:map>

    <bean id="mockStaticWebRequestFactory"
          class="com.btanabe.adaptivewebscraper.test.factories.MockWebRequestTaskFactoryFactory">
        <property name="webRequestTaskToSiteUrlMap" ref="webRequestTaskToSiteUrlMap"/>
    </bean>

</beans>